=========================================================
SST PIPELINE
  UTC  : 2026-04-27 11:45:05
  Bbox : 33.7–39.0°N  -78.89–-72.21°E
=========================================================

── MUR daily composite (last 5 days) ──
  ✓ MUR 20260426 (cached)
  ✓ MUR 20260425 (cached)
  ✓ MUR 20260424 (cached)
  ✓ MUR 20260423 (cached)
  ✓ MUR 20260422 (cached)

── GOES-19 geo-polar blended daily composite ──
  GOES 20260427 … ✗ RuntimeError: 404 — no data for this date
  GOES 20260426 … ✗ RuntimeError: 404 — no data for this date
  GOES 20260425 … ✗ RuntimeError: 404 — no data for this date
  ✓ GOES composite 20260424 (cached)

── VIIRS multi-pass (last 26h — NPP/N20/N21) ──
  Pass centers: 06:10 UTC, 18:33 UTC  ±20 min
  ✓ VIIRS NRT base: https://www.star.nesdis.noaa.gov/pub/socd2/coastwatch/sst/nrt/viirs
  Target windows this run: 2
    2026-04-26 18:13 – 18:53 UTC  (1833UTC)
    2026-04-27 05:50 – 06:30 UTC  (0610UTC)
  npp 20260426_1820 … ✗ swath overlaps bbox but all pixels cloud/land masked
  npp 20260426_1830 … ✗ swath overlaps bbox but all pixels cloud/land masked
  npp 20260426_1840 … ✗ swath overlaps bbox but all pixels cloud/land masked
  npp 20260426_1850 … ✗ swath overlaps bbox but all pixels cloud/land masked
  npp 20260427_0550 … ✗ swath overlaps bbox but all pixels cloud/land masked
  npp 20260427_0600 … ✗ swath overlaps bbox but all pixels cloud/land masked
  npp 20260427_0610 … ✗ swath overlaps bbox but all pixels cloud/land masked
  npp 20260427_0620 ✓ (cached)
  npp 20260427_0630 … ✗ swath overlaps bbox but all pixels cloud/land masked
  n20 20260426_1820 …   ⚠ VIIRS n20 20260426_1820: only 65 pts — skipping write.
✗ ok
  n20 20260426_1830 … ✗ swath overlaps bbox but all pixels cloud/land masked
  n20 20260426_1840 … ✗ swath overlaps bbox but all pixels cloud/land masked
  n20 20260426_1850 … ✗ swath overlaps bbox but all pixels cloud/land masked
  n20 20260427_0550 … ✗ swath overlaps bbox but all pixels cloud/land masked
  n20 20260427_0600 … ✗ swath overlaps bbox but all pixels cloud/land masked
  n20 20260427_0610 … ✗ swath overlaps bbox but all pixels cloud/land masked
  n20 20260427_0620 … ✗ swath overlaps bbox but all pixels cloud/land masked
  n20 20260427_0630 … ✗ swath overlaps bbox but all pixels cloud/land masked
  n21 20260426_1820 … ✗ swath overlaps bbox but all pixels cloud/land masked
  n21 20260426_1830 … ✗ swath overlaps bbox but all pixels cloud/land masked
  n21 20260426_1840 … ✗ swath overlaps bbox but all pixels cloud/land masked
  n21 20260426_1850 … ✗ swath overlaps bbox but all pixels cloud/land masked
  n21 20260427_0550 ✓ (cached)
  n21 20260427_0600 … ✗ swath overlaps bbox but all pixels cloud/land masked
  n21 20260427_0610 … ✗ swath overlaps bbox but all pixels cloud/land masked
  n21 20260427_0620 … ✗ swath overlaps bbox but all pixels cloud/land masked
  n21 20260427_0630 … ✗ swath overlaps bbox but all pixels cloud/land masked

  VIIRS summary: 0 written, 2 cached, 25 miss/cloud, 591 outside windows.

=========================================================
✓ Pipeline complete
=========================================================
