Starting SST pipeline...

GOES / Geo-polar Blended (most recent day, replicated to 24 hourly slots)
  (no data for 2026-04-22: RuntimeError)
  (no data for 2026-04-21: RuntimeError)
✓ Geo-polar Blended data available for 2026-04-20
✓ GOES 20260422_11
  → DailySSTData/GOES/Hourly/goes_20260422_11.csv  (9284 pts, 107 lats × 133 lons)
✓ GOES 20260422_10
  → DailySSTData/GOES/Hourly/goes_20260422_10.csv  (9284 pts, 107 lats × 133 lons)
✓ GOES 20260422_09
  → DailySSTData/GOES/Hourly/goes_20260422_09.csv  (9284 pts, 107 lats × 133 lons)
✓ GOES 20260422_08
  → DailySSTData/GOES/Hourly/goes_20260422_08.csv  (9284 pts, 107 lats × 133 lons)
✓ GOES 20260422_07
  → DailySSTData/GOES/Hourly/goes_20260422_07.csv  (9284 pts, 107 lats × 133 lons)
✓ GOES 20260422_06
  → DailySSTData/GOES/Hourly/goes_20260422_06.csv  (9284 pts, 107 lats × 133 lons)
✓ GOES 20260422_05
  → DailySSTData/GOES/Hourly/goes_20260422_05.csv  (9284 pts, 107 lats × 133 lons)
✓ GOES 20260422_04
  → DailySSTData/GOES/Hourly/goes_20260422_04.csv  (9284 pts, 107 lats × 133 lons)
✓ GOES 20260422_03
  → DailySSTData/GOES/Hourly/goes_20260422_03.csv  (9284 pts, 107 lats × 133 lons)
✓ GOES 20260422_02
  → DailySSTData/GOES/Hourly/goes_20260422_02.csv  (9284 pts, 107 lats × 133 lons)
✓ GOES 20260422_01
  → DailySSTData/GOES/Hourly/goes_20260422_01.csv  (9284 pts, 107 lats × 133 lons)
✓ GOES 20260422_00
  → DailySSTData/GOES/Hourly/goes_20260422_00.csv  (9284 pts, 107 lats × 133 lons)
✓ GOES 20260421_23
  → DailySSTData/GOES/Hourly/goes_20260421_23.csv  (9284 pts, 107 lats × 133 lons)
✓ GOES 20260421_22
  → DailySSTData/GOES/Hourly/goes_20260421_22.csv  (9284 pts, 107 lats × 133 lons)
✓ GOES 20260421_21
  → DailySSTData/GOES/Hourly/goes_20260421_21.csv  (9284 pts, 107 lats × 133 lons)
✓ GOES 20260421_20
  → DailySSTData/GOES/Hourly/goes_20260421_20.csv  (9284 pts, 107 lats × 133 lons)
✓ GOES 20260421_19
  → DailySSTData/GOES/Hourly/goes_20260421_19.csv  (9284 pts, 107 lats × 133 lons)
✓ GOES 20260421_18
  → DailySSTData/GOES/Hourly/goes_20260421_18.csv  (9284 pts, 107 lats × 133 lons)
✓ GOES 20260421_17
  → DailySSTData/GOES/Hourly/goes_20260421_17.csv  (9284 pts, 107 lats × 133 lons)
✓ GOES 20260421_16
  → DailySSTData/GOES/Hourly/goes_20260421_16.csv  (9284 pts, 107 lats × 133 lons)
✓ GOES 20260421_15
  → DailySSTData/GOES/Hourly/goes_20260421_15.csv  (9284 pts, 107 lats × 133 lons)
✓ GOES 20260421_14
  → DailySSTData/GOES/Hourly/goes_20260421_14.csv  (9284 pts, 107 lats × 133 lons)
✓ GOES 20260421_13
  → DailySSTData/GOES/Hourly/goes_20260421_13.csv  (9284 pts, 107 lats × 133 lons)
✓ GOES 20260421_12
  → DailySSTData/GOES/Hourly/goes_20260421_12.csv  (9284 pts, 107 lats × 133 lons)

GOES composite (most recent hour)
  → DailySSTData/GOES/Composite/goes_composite_20260422.csv  (9284 pts, 107 lats × 133 lons)

MUR (last 5 published days)
✗ MUR 20260421 failed on all mirrors. Last: upwell.pfeg.noaa.gov: RuntimeError: 404 Not Found (no data for this date)
✓ MUR 20260420
  → DailySSTData/MUR/mur_20260420.csv  (8986 pts, 107 lats × 133 lons)
✓ MUR 20260419
  → DailySSTData/MUR/mur_20260419.csv  (8986 pts, 107 lats × 133 lons)
✓ MUR 20260418
  → DailySSTData/MUR/mur_20260418.csv  (8986 pts, 107 lats × 133 lons)
✓ MUR 20260417
  → DailySSTData/MUR/mur_20260417.csv  (8986 pts, 107 lats × 133 lons)

✓ Pipeline complete
