============================================================
  High-Fidelity SST Data Fetcher
  Date : 2026-04-10
  BBOX : {'lon_min': -77.5, 'lon_max': -74.0, 'lat_min': 33.5, 'lat_max': 36.5}
  Out  : /home/runner/work/SSTv2/SSTv2/DailySST/v2
============================================================

[1/3] NASA MUR SST  (target: 2026-04-10)  ~1 km resolution
  Trying NASA OPeNDAP for 2026-04-10 ...
syntax error, unexpected WORD_WORD, expecting SCAN_ATTR or SCAN_DATASET or SCAN_ERROR
context: HTTP^ Basic: Access denied.
  ✗ NASA OPeNDAP 2026-04-10: [Errno -77] NetCDF: Access failure: 'https://opendap.earthdata.nasa.gov/providers/POCLOUD/collections/MUR-JPL-L4-GLOB-v4.1/granules/20260410090000-JPL-L4_GHRSST-SSTfnd-MUR-GLOB-v02.0-fv04.1.nc4?analysed_sst[0:1:0][12349:12649][10249:10599]'
  Trying polarwatch.noaa.gov for 2026-04-10 ...
  ✗ polarwatch.noaa.gov / 2026-04-10 failed: 403 Client Error:  for url: https://polarwatch.noaa.gov/erddap/griddap/jplMURSST41.nc?analysed_sst%5B(2026-04-10T09:00:00Z)%5D%5B(33.5):1:(36.5)%5D%5B(-77.5):1:(-74.0)%5D
  Trying erddap.marine.usf.edu for 2026-04-10 ...
  ✗ erddap.marine.usf.edu / 2026-04-10 failed: 403 Client Error:  for url: https://coastwatch.pfeg.noaa.gov/erddap/griddap/jplMURSST41.nc?analysed_sst%5B(2026-04-10T09:00:00Z)%5D%5B(33.5):1:(36.5)%5D%5B(-77.5):1:(-74.0)%5D
  Trying coastwatch.pfeg.noaa.gov for 2026-04-10 ...
  ✗ coastwatch.pfeg.noaa.gov / 2026-04-10 failed: 403 Client Error:  for url: https://coastwatch.pfeg.noaa.gov/erddap/griddap/jplMURSST41.nc?analysed_sst%5B(2026-04-10T09:00:00Z)%5D%5B(33.5):1:(36.5)%5D%5B(-77.5):1:(-74.0)%5D
  Trying NASA OPeNDAP for 2026-04-09 ...
syntax error, unexpected WORD_WORD, expecting SCAN_ATTR or SCAN_DATASET or SCAN_ERROR
context: HTTP^ Basic: Access denied.
  ✗ NASA OPeNDAP 2026-04-09: [Errno -77] NetCDF: Access failure: 'https://opendap.earthdata.nasa.gov/providers/POCLOUD/collections/MUR-JPL-L4-GLOB-v4.1/granules/20260409090000-JPL-L4_GHRSST-SSTfnd-MUR-GLOB-v02.0-fv04.1.nc4?analysed_sst[0:1:0][12349:12649][10249:10599]'
  Trying polarwatch.noaa.gov for 2026-04-09 ...
  ✗ polarwatch.noaa.gov / 2026-04-09 failed: 403 Client Error:  for url: https://polarwatch.noaa.gov/erddap/griddap/jplMURSST41.nc?analysed_sst%5B(2026-04-09T09:00:00Z)%5D%5B(33.5):1:(36.5)%5D%5B(-77.5):1:(-74.0)%5D
  Trying erddap.marine.usf.edu for 2026-04-09 ...
  ✗ erddap.marine.usf.edu / 2026-04-09 failed: 403 Client Error:  for url: https://coastwatch.pfeg.noaa.gov/erddap/griddap/jplMURSST41.nc?analysed_sst%5B(2026-04-09T09:00:00Z)%5D%5B(33.5):1:(36.5)%5D%5B(-77.5):1:(-74.0)%5D
  Trying coastwatch.pfeg.noaa.gov for 2026-04-09 ...
  ✗ coastwatch.pfeg.noaa.gov / 2026-04-09 failed: 403 Client Error:  for url: https://coastwatch.pfeg.noaa.gov/erddap/griddap/jplMURSST41.nc?analysed_sst%5B(2026-04-09T09:00:00Z)%5D%5B(33.5):1:(36.5)%5D%5B(-77.5):1:(-74.0)%5D
  Trying NASA OPeNDAP for 2026-04-08 ...
syntax error, unexpected WORD_WORD, expecting SCAN_ATTR or SCAN_DATASET or SCAN_ERROR
context: HTTP^ Basic: Access denied.
  ✗ NASA OPeNDAP 2026-04-08: [Errno -77] NetCDF: Access failure: 'https://opendap.earthdata.nasa.gov/providers/POCLOUD/collections/MUR-JPL-L4-GLOB-v4.1/granules/20260408090000-JPL-L4_GHRSST-SSTfnd-MUR-GLOB-v02.0-fv04.1.nc4?analysed_sst[0:1:0][12349:12649][10249:10599]'
  Trying polarwatch.noaa.gov for 2026-04-08 ...
  ✗ polarwatch.noaa.gov / 2026-04-08 failed: 403 Client Error:  for url: https://polarwatch.noaa.gov/erddap/griddap/jplMURSST41.nc?analysed_sst%5B(2026-04-08T09:00:00Z)%5D%5B(33.5):1:(36.5)%5D%5B(-77.5):1:(-74.0)%5D
  Trying erddap.marine.usf.edu for 2026-04-08 ...
  ✗ erddap.marine.usf.edu / 2026-04-08 failed: 403 Client Error:  for url: https://coastwatch.pfeg.noaa.gov/erddap/griddap/jplMURSST41.nc?analysed_sst%5B(2026-04-08T09:00:00Z)%5D%5B(33.5):1:(36.5)%5D%5B(-77.5):1:(-74.0)%5D
  Trying coastwatch.pfeg.noaa.gov for 2026-04-08 ...
  ✗ coastwatch.pfeg.noaa.gov / 2026-04-08 failed: 403 Client Error:  for url: https://coastwatch.pfeg.noaa.gov/erddap/griddap/jplMURSST41.nc?analysed_sst%5B(2026-04-08T09:00:00Z)%5D%5B(33.5):1:(36.5)%5D%5B(-77.5):1:(-74.0)%5D
  Trying NASA OPeNDAP for 2026-04-07 ...
syntax error, unexpected WORD_WORD, expecting SCAN_ATTR or SCAN_DATASET or SCAN_ERROR
context: HTTP^ Basic: Access denied.
  ✗ NASA OPeNDAP 2026-04-07: [Errno -77] NetCDF: Access failure: 'https://opendap.earthdata.nasa.gov/providers/POCLOUD/collections/MUR-JPL-L4-GLOB-v4.1/granules/20260407090000-JPL-L4_GHRSST-SSTfnd-MUR-GLOB-v02.0-fv04.1.nc4?analysed_sst[0:1:0][12349:12649][10249:10599]'
  Trying polarwatch.noaa.gov for 2026-04-07 ...
  ✗ polarwatch.noaa.gov / 2026-04-07 failed: 403 Client Error:  for url: https://polarwatch.noaa.gov/erddap/griddap/jplMURSST41.nc?analysed_sst%5B(2026-04-07T09:00:00Z)%5D%5B(33.5):1:(36.5)%5D%5B(-77.5):1:(-74.0)%5D
  Trying erddap.marine.usf.edu for 2026-04-07 ...
  ✗ erddap.marine.usf.edu / 2026-04-07 failed: 403 Client Error:  for url: https://coastwatch.pfeg.noaa.gov/erddap/griddap/jplMURSST41.nc?analysed_sst%5B(2026-04-07T09:00:00Z)%5D%5B(33.5):1:(36.5)%5D%5B(-77.5):1:(-74.0)%5D
  Trying coastwatch.pfeg.noaa.gov for 2026-04-07 ...
  ✗ coastwatch.pfeg.noaa.gov / 2026-04-07 failed: 403 Client Error:  for url: https://coastwatch.pfeg.noaa.gov/erddap/griddap/jplMURSST41.nc?analysed_sst%5B(2026-04-07T09:00:00Z)%5D%5B(33.5):1:(36.5)%5D%5B(-77.5):1:(-74.0)%5D
  ✗ All MUR sources failed across all fallback dates

[2/3] NOAA VIIRS SST  (target: 2026-04-10)  ~1–4 km resolution
  THREDDS catalog DOY 100 (2026-04-10) ...
  ✗ THREDDS 2026-04-10: 404 Client Error: Not Found for url: https://coastwatch.noaa.gov/thredds/catalog/gridN20VIIRSSCIENCEL3UWW00/2026/100/catalog.xml
  THREDDS catalog DOY 099 (2026-04-09) ...
  ✗ THREDDS 2026-04-09: 404 Client Error: Not Found for url: https://coastwatch.noaa.gov/thredds/catalog/gridN20VIIRSSCIENCEL3UWW00/2026/099/catalog.xml
  THREDDS catalog DOY 098 (2026-04-08) ...
  ✗ THREDDS 2026-04-08: 404 Client Error: Not Found for url: https://coastwatch.noaa.gov/thredds/catalog/gridN20VIIRSSCIENCEL3UWW00/2026/098/catalog.xml
  THREDDS catalog DOY 097 (2026-04-07) ...
  ✗ THREDDS 2026-04-07: 404 Client Error: Not Found for url: https://coastwatch.noaa.gov/thredds/catalog/gridN20VIIRSSCIENCEL3UWW00/2026/097/catalog.xml
  Trying noaacrwsstDaily @ coastwatch.noaa.gov (2026-04-10) ...
  ✗ noaacrwsstDaily / 2026-04-10: 503 Server Error:  for url: https://coastwatch.noaa.gov/erddap/griddap/noaacrwsstDaily.nc?analysed_sst%5B(2026-04-10T12:00:00Z)%5D%5B(33.5):1:(36.5)%5D%5B(-77.5):1:(-74.0)%5D
  Trying noaacwBLENDEDsstDLDaily @ coastwatch.noaa.gov (2026-04-10) ...
  ✗ noaacwBLENDEDsstDLDaily / 2026-04-10: 503 Server Error:  for url: https://coastwatch.noaa.gov/erddap/griddap/noaacwBLENDEDsstDLDaily.nc?analysed_sst%5B(2026-04-10T12:00:00Z)%5D%5B(33.5):1:(36.5)%5D%5B(-77.5):1:(-74.0)%5D
  Trying noaacrwsstDaily @ coastwatch.noaa.gov (2026-04-09) ...
  ✗ noaacrwsstDaily / 2026-04-09: 503 Server Error:  for url: https://coastwatch.noaa.gov/erddap/griddap/noaacrwsstDaily.nc?analysed_sst%5B(2026-04-09T12:00:00Z)%5D%5B(33.5):1:(36.5)%5D%5B(-77.5):1:(-74.0)%5D
  Trying noaacwBLENDEDsstDLDaily @ coastwatch.noaa.gov (2026-04-09) ...
  ✗ noaacwBLENDEDsstDLDaily / 2026-04-09: 503 Server Error:  for url: https://coastwatch.noaa.gov/erddap/griddap/noaacwBLENDEDsstDLDaily.nc?analysed_sst%5B(2026-04-09T12:00:00Z)%5D%5B(33.5):1:(36.5)%5D%5B(-77.5):1:(-74.0)%5D
  Trying noaacrwsstDaily @ coastwatch.noaa.gov (2026-04-08) ...
  ✗ noaacrwsstDaily / 2026-04-08: 503 Server Error:  for url: https://coastwatch.noaa.gov/erddap/griddap/noaacrwsstDaily.nc?analysed_sst%5B(2026-04-08T12:00:00Z)%5D%5B(33.5):1:(36.5)%5D%5B(-77.5):1:(-74.0)%5D
  Trying noaacwBLENDEDsstDLDaily @ coastwatch.noaa.gov (2026-04-08) ...
  ✗ noaacwBLENDEDsstDLDaily / 2026-04-08: 503 Server Error:  for url: https://coastwatch.noaa.gov/erddap/griddap/noaacwBLENDEDsstDLDaily.nc?analysed_sst%5B(2026-04-08T12:00:00Z)%5D%5B(33.5):1:(36.5)%5D%5B(-77.5):1:(-74.0)%5D
  Trying noaacrwsstDaily @ coastwatch.noaa.gov (2026-04-07) ...
  ✗ noaacrwsstDaily / 2026-04-07: 503 Server Error:  for url: https://coastwatch.noaa.gov/erddap/griddap/noaacrwsstDaily.nc?analysed_sst%5B(2026-04-07T12:00:00Z)%5D%5B(33.5):1:(36.5)%5D%5B(-77.5):1:(-74.0)%5D
  Trying noaacwBLENDEDsstDLDaily @ coastwatch.noaa.gov (2026-04-07) ...
  ✗ noaacwBLENDEDsstDLDaily / 2026-04-07: 503 Server Error:  for url: https://coastwatch.noaa.gov/erddap/griddap/noaacwBLENDEDsstDLDaily.nc?analysed_sst%5B(2026-04-07T12:00:00Z)%5D%5B(33.5):1:(36.5)%5D%5B(-77.5):1:(-74.0)%5D
  ✗ All VIIRS sources failed

[2b] NOAA Geo-polar Blended SST  (2026-04-10)  ~5 km, gap-filled
  ✗ noaacrwsstDaily / 2026-04-10: 503 Server Error:  for url: https://coastwatch.noaa.gov/erddap/griddap/noaacrwsstDaily.nc?analysed_sst%5B(2026-04-10T12:00:00Z)%5D%5B(33.5):1:(36.5)%5D%5B(-77.5):1:(-74.0)%5D
  ✗ noaacwBLENDEDsstDLDaily / 2026-04-10: 503 Server Error:  for url: https://coastwatch.noaa.gov/erddap/griddap/noaacwBLENDEDsstDLDaily.nc?analysed_sst%5B(2026-04-10T12:00:00Z)%5D%5B(33.5):1:(36.5)%5D%5B(-77.5):1:(-74.0)%5D
  ✗ noaacrwsstDaily / 2026-04-09: 503 Server Error:  for url: https://coastwatch.noaa.gov/erddap/griddap/noaacrwsstDaily.nc?analysed_sst%5B(2026-04-09T12:00:00Z)%5D%5B(33.5):1:(36.5)%5D%5B(-77.5):1:(-74.0)%5D
  ✗ noaacwBLENDEDsstDLDaily / 2026-04-09: 503 Server Error:  for url: https://coastwatch.noaa.gov/erddap/griddap/noaacwBLENDEDsstDLDaily.nc?analysed_sst%5B(2026-04-09T12:00:00Z)%5D%5B(33.5):1:(36.5)%5D%5B(-77.5):1:(-74.0)%5D
  ✗ noaacrwsstDaily / 2026-04-08: 503 Server Error:  for url: https://coastwatch.noaa.gov/erddap/griddap/noaacrwsstDaily.nc?analysed_sst%5B(2026-04-08T12:00:00Z)%5D%5B(33.5):1:(36.5)%5D%5B(-77.5):1:(-74.0)%5D
  ✗ noaacwBLENDEDsstDLDaily / 2026-04-08: 503 Server Error:  for url: https://coastwatch.noaa.gov/erddap/griddap/noaacwBLENDEDsstDLDaily.nc?analysed_sst%5B(2026-04-08T12:00:00Z)%5D%5B(33.5):1:(36.5)%5D%5B(-77.5):1:(-74.0)%5D
  ✗ noaacrwsstDaily / 2026-04-07: 503 Server Error:  for url: https://coastwatch.noaa.gov/erddap/griddap/noaacrwsstDaily.nc?analysed_sst%5B(2026-04-07T12:00:00Z)%5D%5B(33.5):1:(36.5)%5D%5B(-77.5):1:(-74.0)%5D
  ✗ noaacwBLENDEDsstDLDaily / 2026-04-07: 503 Server Error:  for url: https://coastwatch.noaa.gov/erddap/griddap/noaacwBLENDEDsstDLDaily.nc?analysed_sst%5B(2026-04-07T12:00:00Z)%5D%5B(33.5):1:(36.5)%5D%5B(-77.5):1:(-74.0)%5D
  ✗ No blended endpoint responded for any tried date

[3/3] Copernicus CMEMS L4 SST  (2026-04-10)  ~5 km, fully gap-filled
  Downloading via copernicusmarine client ...
INFO - 2026-04-12T16:40:03Z - Selected dataset version: "default"
INFO - 2026-04-12T16:40:03Z - Selected dataset part: "default"
  ✓ 3,364 points  |  9.03–25.26 °C
  Exporting cmems (3,364 points) ...
    GeoJSON  → DailySST/v2/cmems_20260410.geojson  (3,364 pts, 519 KB)
    CSV      → DailySST/v2/cmems_20260410.csv  (3,364 rows, 144 KB)
    Parquet  → DailySST/v2/cmems_20260410.parquet  (3,364 rows, 23 KB)
    Grid JSON → DailySST/v2/cmems_20260410_grid.json  (60×70 grid, 25 KB)

============================================================
  Source         Points    Min °C    Max °C
  ----------  ---------  -------  -------
  MUR                 —
  VIIRS(ACSPO)          —
  BLENDED             —
  CMEMS           3,364      9.03     25.26
============================================================

  Files written to: /home/runner/work/SSTv2/SSTv2/DailySST/v2

  Data schema (all formats):
    lat     — decimal degrees (WGS84)
    lon     — decimal degrees (WGS84)
    sst_c   — sea surface temperature, Celsius
    sst_f   — sea surface temperature, Fahrenheit
    source  — MUR | VIIRS | CMEMS | blended
    date    — ISO date string

  Recommended app rendering stack:
    • deck.gl HeatmapLayer or GridLayer  (WebGL, handles 500k+ pts)
    • Mapbox GL raster-array source      (feed the grid JSON)
    • Leaflet canvas renderer            (for the GeoJSON)
    • PostGIS + ST_PixelAsPoints         (for server-side tile generation)

