=========================================================
SST PIPELINE
  UTC  : 2026-04-23 11:11:21
  Bbox : 33.7–39.0°N  -78.89–-72.21°E
=========================================================

── MUR daily composite (last 5 days) ──
  MUR 20260422 (coastwatch.noaa.gov) … ✗ RuntimeError
  MUR 20260422 (coastwatch.pfeg.noaa.gov) … ✗ RuntimeError
  MUR 20260422 (upwell.pfeg.noaa.gov) … ✗ RuntimeError
  ✗ MUR 20260422 — all mirrors failed. Last: upwell.pfeg.noaa.gov: RuntimeError: ConnectionError: ('Connection aborted.', ConnectionResetError(104, 'Connection reset by peer'))
  ✓ MUR 20260421 (cached)
  ✓ MUR 20260420 (cached)
  ✓ MUR 20260419 (cached)
  ✓ MUR 20260418 (cached)

── GOES-19 geo-polar blended daily composite ──
  GOES 20260423 … ✗ RuntimeError: 404 — no data for this date
  ✓ GOES composite 20260422 (cached)

── VIIRS multi-pass (last 26h — NPP/N20/N21) ──
  Pass centers: 06:10 UTC, 18:33 UTC  ±20 min
  ✓ VIIRS NRT base: https://www.star.nesdis.noaa.gov/pub/socd2/coastwatch/sst/nrt/viirs
  Target windows this run: 2
    2026-04-22 18:13 – 18:53 UTC  (1833UTC)
    2026-04-23 05:50 – 06:30 UTC  (0610UTC)
  npp 20260422_1820 … ✗ swath overlaps bbox but all pixels cloud/land masked
  npp 20260422_1830 … ✗ swath overlaps bbox but all pixels cloud/land masked
  npp 20260422_1840 … ✗ swath overlaps bbox but all pixels cloud/land masked
  npp 20260422_1850 … ✗ swath overlaps bbox but all pixels cloud/land masked
  npp 20260423_0550 ✓ (cached)
  npp 20260423_0600 … ✗ swath overlaps bbox but all pixels cloud/land masked
  npp 20260423_0610 … ✗ swath overlaps bbox but all pixels cloud/land masked
  npp 20260423_0620 … ✗ swath overlaps bbox but all pixels cloud/land masked
  npp 20260423_0630 … ✗ swath overlaps bbox but all pixels cloud/land masked
  n20 20260422_1820 … ✗ swath overlaps bbox but all pixels cloud/land masked
  n20 20260422_1830 … ✗ swath overlaps bbox but all pixels cloud/land masked
  n20 20260422_1840 … ✗ swath overlaps bbox but all pixels cloud/land masked
  n20 20260422_1850 … ✗ swath overlaps bbox but all pixels cloud/land masked
  n20 20260423_0550 … ✗ swath overlaps bbox but all pixels cloud/land masked
  n20 20260423_0600 … ✗ swath overlaps bbox but all pixels cloud/land masked
  n20 20260423_0610 ✓ (cached)
  n20 20260423_0620 … ✗ swath overlaps bbox but all pixels cloud/land masked
  n20 20260423_0630 … ✗ swath overlaps bbox but all pixels cloud/land masked
  n21 20260422_1820 … ✗ swath overlaps bbox but all pixels cloud/land masked
  n21 20260422_1830 … ✗ swath overlaps bbox but all pixels cloud/land masked
  n21 20260422_1840 ✓ (cached)
  n21 20260422_1850 … ✗ swath overlaps bbox but all pixels cloud/land masked
  n21 20260423_0550 … ✗ swath overlaps bbox but all pixels cloud/land masked
  n21 20260423_0600 … ✗ swath overlaps bbox but all pixels cloud/land masked
  n21 20260423_0610 … ✗ swath overlaps bbox but all pixels cloud/land masked
  n21 20260423_0620 … ✗ swath overlaps bbox but all pixels cloud/land masked
  n21 20260423_0630 … ✗ swath overlaps bbox but all pixels cloud/land masked

  VIIRS summary: 0 written, 3 cached, 24 miss/cloud, 580 outside windows.

=========================================================
✓ Pipeline complete
=========================================================
