============================================================
  High-Fidelity SST Data Fetcher
  Date : 2026-04-14
  BBOX : {'lon_min': -77.5, 'lon_max': -74.0, 'lat_min': 33.5, 'lat_max': 36.5}
  Out  : /home/runner/work/SSTv2/SSTv2/DailySST/v2
============================================================

[1/3] NASA MUR SST  (target: 2026-04-14)  ~1 km resolution
  Trying NASA OPeNDAP for 2026-04-14 ...
syntax error, unexpected WORD_WORD, expecting SCAN_ATTR or SCAN_DATASET or SCAN_ERROR
context: HTTP^ Basic: Access denied.
  ✗ NASA OPeNDAP 2026-04-14: [Errno -77] NetCDF: Access failure: 'https://opendap.earthdata.nasa.gov/providers/POCLOUD/collections/MUR-JPL-L4-GLOB-v4.1/granules/20260414090000-JPL-L4_GHRSST-SSTfnd-MUR-GLOB-v02.0-fv04.1.nc4?analysed_sst[0:1:0][12349:12649][10249:10599]'
  Trying polarwatch.noaa.gov for 2026-04-14 ...
  ✓ 81,825 points  |  11.40–25.35 °C  (date used: 2026-04-14)
  Exporting mur (81,825 points) ...
    GeoJSON  → DailySST/v2/mur_20260414.geojson  (81,825 pts, 12352 KB)
    CSV      → DailySST/v2/mur_20260414.csv  (81,825 rows, 3243 KB)
    Parquet  → DailySST/v2/mur_20260414.parquet  (81,825 rows, 345 KB)
    Grid JSON → DailySST/v2/mur_20260414_grid.json  (301×351 grid, 672 KB)

[2/3] NOAA VIIRS SST  (target: 2026-04-14)  ~1–4 km resolution
  THREDDS catalog DOY 104 (2026-04-14) ...
  ✗ THREDDS 2026-04-14: 404 Client Error: Not Found for url: https://coastwatch.noaa.gov/thredds/catalog/gridN20VIIRSSCIENCEL3UWW00/2026/104/catalog.xml
  THREDDS catalog DOY 103 (2026-04-13) ...
  ✗ THREDDS 2026-04-13: 404 Client Error: Not Found for url: https://coastwatch.noaa.gov/thredds/catalog/gridN20VIIRSSCIENCEL3UWW00/2026/103/catalog.xml
  THREDDS catalog DOY 102 (2026-04-12) ...
  ✗ THREDDS 2026-04-12: 404 Client Error: Not Found for url: https://coastwatch.noaa.gov/thredds/catalog/gridN20VIIRSSCIENCEL3UWW00/2026/102/catalog.xml
  THREDDS catalog DOY 101 (2026-04-11) ...
  ✗ THREDDS 2026-04-11: 404 Client Error: Not Found for url: https://coastwatch.noaa.gov/thredds/catalog/gridN20VIIRSSCIENCEL3UWW00/2026/101/catalog.xml
  Trying noaacrwsstDaily @ coastwatch.noaa.gov (2026-04-14) ...
  ✓ 3,466 points  |  11.52–25.13 °C  (date: 2026-04-14)
  Exporting viirs (3,466 points) ...
    GeoJSON  → DailySST/v2/viirs_20260414.geojson  (3,466 pts, 534 KB)
    CSV      → DailySST/v2/viirs_20260414.csv  (3,466 rows, 148 KB)
    Parquet  → DailySST/v2/viirs_20260414.parquet  (3,466 rows, 23 KB)
    Grid JSON → DailySST/v2/viirs_20260414_grid.json  (61×71 grid, 25 KB)

[2b] NOAA Geo-polar Blended SST  (2026-04-14)  ~5 km, gap-filled
  Using noaacrwsstDaily for 2026-04-14
  ✓ 3,466 points  |  11.52–25.13 °C  (date used: 2026-04-14)
  Exporting blended_geopolar (3,466 points) ...
    GeoJSON  → DailySST/v2/blended_geopolar_20260414.geojson  (3,466 pts, 541 KB)
    CSV      → DailySST/v2/blended_geopolar_20260414.csv  (3,466 rows, 155 KB)
    Parquet  → DailySST/v2/blended_geopolar_20260414.parquet  (3,466 rows, 23 KB)
    Grid JSON → DailySST/v2/blended_geopolar_20260414_grid.json  (61×71 grid, 25 KB)

[3/3] Copernicus CMEMS L4 SST  (2026-04-14)  ~5 km, fully gap-filled
  Downloading via copernicusmarine client ...
INFO - 2026-04-16T00:58:27Z - Selected dataset version: "default"
INFO - 2026-04-16T00:58:27Z - Selected dataset part: "default"
WARNING - 2026-04-16T00:58:27Z - Some of your subset selection [2026-04-14 00:00:00+00:00, 2026-04-14 23:59:59+00:00] for the time dimension exceed the dataset coordinates [2024-01-17 00:00:00+00:00, 2026-04-14 00:00:00+00:00]
  ✗ CMEMS fetch failed: No module named 'h5py', backend not available. Please install 'h5py' into your Python environment.

[Blending sources into composite ...]
  Exporting blended (1,827 points) ...
    GeoJSON  → DailySST/v2/blended_20260414.geojson  (1,827 pts, 281 KB)
    CSV      → DailySST/v2/blended_20260414.csv  (1,827 rows, 78 KB)
    Parquet  → DailySST/v2/blended_20260414.parquet  (1,827 rows, 22 KB)
    Grid JSON → DailySST/v2/blended_20260414_grid.json  (41×57 grid, 15 KB)

============================================================
  Source         Points    Min °C    Max °C
  ----------  ---------  -------  -------
  MUR            81,825     11.40     25.35
  VIIRS(ACSPO)      3,466     11.52     25.13
  BLENDED         3,466     11.52     25.13
  CMEMS               —
============================================================

  Files written to: /home/runner/work/SSTv2/SSTv2/DailySST/v2

  Data schema (all formats):
    lat     — decimal degrees (WGS84)
    lon     — decimal degrees (WGS84)
    sst_c   — sea surface temperature, Celsius
    sst_f   — sea surface temperature, Fahrenheit
    source  — MUR | VIIRS | CMEMS | blended
    date    — ISO date string

  Recommended app rendering stack:
    • deck.gl HeatmapLayer or GridLayer  (WebGL, handles 500k+ pts)
    • Mapbox GL raster-array source      (feed the grid JSON)
    • Leaflet canvas renderer            (for the GeoJSON)
    • PostGIS + ST_PixelAsPoints         (for server-side tile generation)

