=========================================================
SST PIPELINE
  UTC  : 2026-04-26 10:46:46
  Bbox : 33.7–39.0°N  -78.89–-72.21°E
=========================================================

── MUR daily composite (last 5 days) ──
  MUR 20260425 (coastwatch.noaa.gov) … ✗ RuntimeError
  MUR 20260425 (coastwatch.pfeg.noaa.gov) … ✗ RuntimeError
  MUR 20260425 (upwell.pfeg.noaa.gov) … ✗ RuntimeError
  ✗ MUR 20260425 — all mirrors failed. Last: upwell.pfeg.noaa.gov: RuntimeError: 404 — no data for this date
  MUR 20260424 (coastwatch.noaa.gov) … ✗ RuntimeError
  MUR 20260424 (coastwatch.pfeg.noaa.gov) …   (land filter: loaded 24 coastline polygons)
  (land filter: dropped 94 inland, kept 8892 ocean)
  ✓ MUR 20260424
  → DailySSTData/MUR/mur_20260424.csv  (8892 pts, 107 lats × 133 lons)
  ✓ MUR 20260423 (cached)
  ✓ MUR 20260422 (cached)
  ✓ MUR 20260421 (cached)

── GOES-19 geo-polar blended daily composite ──
  GOES 20260426 … ✗ RuntimeError: 404 — no data for this date
  GOES 20260425 … ✗ RuntimeError: 404 — no data for this date
  ✓ GOES composite 20260424 (cached)

── VIIRS multi-pass (last 26h — NPP/N20/N21) ──
  Pass centers: 06:10 UTC, 18:33 UTC  ±20 min
  ✓ VIIRS NRT base: https://www.star.nesdis.noaa.gov/pub/socd2/coastwatch/sst/nrt/viirs
  Target windows this run: 2
    2026-04-25 18:13 – 18:53 UTC  (1833UTC)
    2026-04-26 05:50 – 06:30 UTC  (0610UTC)
  npp 20260425_1820 ✓ (cached)
  npp 20260425_1830 … ✗ swath overlaps bbox but all pixels cloud/land masked
  npp 20260425_1840 … ✗ swath overlaps bbox but all pixels cloud/land masked
  npp 20260425_1850 … ✗ swath overlaps bbox but all pixels cloud/land masked
  npp 20260426_0550 … ✗ swath overlaps bbox but all pixels cloud/land masked
  npp 20260426_0600 … ✗ swath overlaps bbox but all pixels cloud/land masked
  npp 20260426_0610 … ✗ swath overlaps bbox but all pixels cloud/land masked
  npp 20260426_0620 … ✗ swath overlaps bbox but all pixels cloud/land masked
  npp 20260426_0630 … ✗ swath overlaps bbox but all pixels cloud/land masked
  n20 20260425_1820 … ✗ swath overlaps bbox but all pixels cloud/land masked
  n20 20260425_1830 ✓ (cached)
  n20 20260425_1840 ✓ (cached)
  n20 20260425_1850 … ✗ swath overlaps bbox but all pixels cloud/land masked
  n20 20260426_0550 … ✗ swath overlaps bbox but all pixels cloud/land masked
  n20 20260426_0600 … ✗ swath overlaps bbox but all pixels cloud/land masked
  n20 20260426_0610 … ✗ swath overlaps bbox but all pixels cloud/land masked
  n20 20260426_0620 … ✗ swath overlaps bbox but all pixels cloud/land masked
  n20 20260426_0630 … ✗ swath overlaps bbox but all pixels cloud/land masked
  n21 20260425_1820 … ✗ swath overlaps bbox but all pixels cloud/land masked
  n21 20260425_1830 … ✗ swath overlaps bbox but all pixels cloud/land masked
  n21 20260425_1840 … ✗ swath overlaps bbox but all pixels cloud/land masked
  n21 20260425_1850 … ✗ swath overlaps bbox but all pixels cloud/land masked
  n21 20260426_0550 … ✗ swath overlaps bbox but all pixels cloud/land masked
  n21 20260426_0600 ✓ (cached)
  n21 20260426_0610 ✓ (cached)
  n21 20260426_0620 … ✗ swath overlaps bbox but all pixels cloud/land masked
  n21 20260426_0630 … ✗ swath overlaps bbox but all pixels cloud/land masked

  VIIRS summary: 0 written, 5 cached, 22 miss/cloud, 584 outside windows.

=========================================================
✓ Pipeline complete
=========================================================
