=========================================================
SST PIPELINE
  UTC  : 2026-04-30 11:29:27
  Bbox : 33.7–39.0°N  -78.89–-72.21°E
=========================================================

── MUR daily composite (last 5 days) ──
  ✓ MUR 20260429 (cached)
  ✓ MUR 20260428 (cached)
  ✓ MUR 20260427 (cached)
  ✓ MUR 20260426 (cached)
  ✓ MUR 20260425 (cached)

── GOES-19 geo-polar blended daily composite ──
  GOES 20260430 … ✗ RuntimeError: 404 — no data for this date
  GOES 20260429 … ✗ RuntimeError: 404 — no data for this date
  ✓ GOES composite 20260428 (cached)

── VIIRS multi-pass (last 26h — NPP/N20/N21) ──
  Pass centers: 06:10 UTC, 18:33 UTC  ±20 min
  ✓ VIIRS NRT base: https://www.star.nesdis.noaa.gov/pub/socd2/coastwatch/sst/nrt/viirs
  Target windows this run: 2
    2026-04-29 18:13 – 18:53 UTC  (1833UTC)
    2026-04-30 05:50 – 06:30 UTC  (0610UTC)
  n20 20260429_1820 … ✗ swath overlaps bbox but all pixels cloud/land masked
  n20 20260429_1830 … ✗ swath overlaps bbox but all pixels cloud/land masked
  n20 20260429_1840 … ✗ swath overlaps bbox but all pixels cloud/land masked
  n20 20260429_1850 … ✗ swath overlaps bbox but all pixels cloud/land masked
  n20 20260430_0550 … ✗ swath overlaps bbox but all pixels cloud/land masked
  n20 20260430_0600 … ✗ swath overlaps bbox but all pixels cloud/land masked
  n20 20260430_0610 … ✗ swath overlaps bbox but all pixels cloud/land masked
  n20 20260430_0620 … ✗ swath overlaps bbox but all pixels cloud/land masked
  n20 20260430_0630 … ✗ swath overlaps bbox but all pixels cloud/land masked
  n21 20260429_1820 … ✗ swath overlaps bbox but all pixels cloud/land masked
  n21 20260429_1830 … ✗ swath overlaps bbox but all pixels cloud/land masked
  n21 20260429_1840 … ✗ swath overlaps bbox but all pixels cloud/land masked
  n21 20260429_1850 … ✗ swath overlaps bbox but all pixels cloud/land masked
  n21 20260430_0550 … ✗ swath overlaps bbox but all pixels cloud/land masked
  n21 20260430_0600 … ✗ swath overlaps bbox but all pixels cloud/land masked
  n21 20260430_0610 … ✗ swath overlaps bbox but all pixels cloud/land masked
  n21 20260430_0620 … ✗ swath overlaps bbox but all pixels cloud/land masked
  n21 20260430_0630 ✓ (cached)

  VIIRS summary: 0 written, 1 cached, 17 miss/cloud, 392 outside windows.

=========================================================
✓ Pipeline complete
=========================================================
