
GOES (last 24 hours)
✓ GOES 20260420_04 (6314 pts)
✓ GOES 20260420_03 (2680 pts)
✓ GOES 20260420_02 (1666 pts)
✓ GOES 20260420_01 (528 pts)
✓ GOES 20260420_00 (226 pts)
✓ GOES 20260419_23 (358 pts)
✓ GOES 20260419_22 (1702 pts)
✓ GOES 20260419_21 (3683 pts)
✓ GOES 20260419_20 (3115 pts)
✓ GOES 20260419_19 (877 pts)
✓ GOES 20260419_17 (83 pts)
✓ GOES 20260419_16 (778 pts)
✓ GOES 20260419_15 (1971 pts)
✓ GOES 20260419_14 (2517 pts)
✓ GOES 20260419_13 (2651 pts)
✓ GOES 20260419_12 (2451 pts)

VIIRS (today)

MUR (last 5 days)
✓ MUR 20260418
✓ MUR 20260417
✓ MUR 20260416

✓ Composite written
