============================================================
  High-Fidelity SST Data Fetcher
  Date : 2026-04-11
  BBOX : {'lon_min': -77.5, 'lon_max': -74.0, 'lat_min': 33.5, 'lat_max': 36.5}
  Out  : /home/runner/work/SSTv2/SSTv2/DailySST/v2
============================================================

[1/3] NASA MUR SST  (target: 2026-04-11)  ~1 km resolution
  Trying NASA OPeNDAP for 2026-04-11 ...
syntax error, unexpected WORD_WORD, expecting SCAN_ATTR or SCAN_DATASET or SCAN_ERROR
context: HTTP^ Basic: Access denied.
  ✗ NASA OPeNDAP 2026-04-11: [Errno -77] NetCDF: Access failure: 'https://opendap.earthdata.nasa.gov/providers/POCLOUD/collections/MUR-JPL-L4-GLOB-v4.1/granules/20260411090000-JPL-L4_GHRSST-SSTfnd-MUR-GLOB-v02.0-fv04.1.nc4?analysed_sst[0:1:0][12349:12649][10249:10599]'
  Trying polarwatch.noaa.gov for 2026-04-11 ...
  ✓ 81,825 points  |  10.55–25.36 °C  (date used: 2026-04-11)
  Exporting mur (81,825 points) ...
    GeoJSON  → DailySST/v2/mur_20260411.geojson  (81,825 pts, 12353 KB)
    CSV      → DailySST/v2/mur_20260411.csv  (81,825 rows, 3243 KB)
    Parquet  → DailySST/v2/mur_20260411.parquet  (81,825 rows, 356 KB)
    Grid JSON → DailySST/v2/mur_20260411_grid.json  (301×351 grid, 672 KB)

[2/3] NOAA VIIRS SST  (target: 2026-04-11)  ~1–4 km resolution
  THREDDS catalog DOY 101 (2026-04-11) ...
  ✗ THREDDS 2026-04-11: HTTPSConnectionPool(host='coastwatch.noaa.gov', port=443): Read timed out. (read timeout=30)
  THREDDS catalog DOY 100 (2026-04-10) ...
  ✗ THREDDS 2026-04-10: HTTPSConnectionPool(host='coastwatch.noaa.gov', port=443): Read timed out. (read timeout=30)
  THREDDS catalog DOY 099 (2026-04-09) ...
  ✗ THREDDS 2026-04-09: HTTPSConnectionPool(host='coastwatch.noaa.gov', port=443): Read timed out. (read timeout=30)
  THREDDS catalog DOY 098 (2026-04-08) ...
  ✗ THREDDS 2026-04-08: HTTPSConnectionPool(host='coastwatch.noaa.gov', port=443): Read timed out. (read timeout=30)
  Trying noaacrwsstDaily @ coastwatch.noaa.gov (2026-04-11) ...
  ✗ noaacrwsstDaily / 2026-04-11: 404 Client Error:  for url: https://coastwatch.noaa.gov/erddap/griddap/noaacrwsstDaily.nc?analysed_sst%5B(2026-04-11T12:00:00Z)%5D%5B(33.5):1:(36.5)%5D%5B(-77.5):1:(-74.0)%5D
  Trying noaacwBLENDEDsstDLDaily @ coastwatch.noaa.gov (2026-04-11) ...
  ✗ noaacwBLENDEDsstDLDaily / 2026-04-11: 404 Client Error:  for url: https://coastwatch.noaa.gov/erddap/griddap/noaacwBLENDEDsstDLDaily.nc?analysed_sst%5B(2026-04-11T12:00:00Z)%5D%5B(33.5):1:(36.5)%5D%5B(-77.5):1:(-74.0)%5D
  Trying noaacrwsstDaily @ coastwatch.noaa.gov (2026-04-10) ...
  ✗ noaacrwsstDaily / 2026-04-10: 500 Server Error:  for url: https://coastwatch.noaa.gov/erddap/griddap/noaacrwsstDaily.nc?analysed_sst%5B(2026-04-10T12:00:00Z)%5D%5B(33.5):1:(36.5)%5D%5B(-77.5):1:(-74.0)%5D
  Trying noaacwBLENDEDsstDLDaily @ coastwatch.noaa.gov (2026-04-10) ...
  ✗ noaacwBLENDEDsstDLDaily / 2026-04-10: 404 Client Error:  for url: https://coastwatch.noaa.gov/erddap/griddap/noaacwBLENDEDsstDLDaily.nc?analysed_sst%5B(2026-04-10T12:00:00Z)%5D%5B(33.5):1:(36.5)%5D%5B(-77.5):1:(-74.0)%5D
  Trying noaacrwsstDaily @ coastwatch.noaa.gov (2026-04-09) ...
  ✗ noaacrwsstDaily / 2026-04-09: 500 Server Error:  for url: https://coastwatch.noaa.gov/erddap/griddap/noaacrwsstDaily.nc?analysed_sst%5B(2026-04-09T12:00:00Z)%5D%5B(33.5):1:(36.5)%5D%5B(-77.5):1:(-74.0)%5D
  Trying noaacwBLENDEDsstDLDaily @ coastwatch.noaa.gov (2026-04-09) ...
  ✗ noaacwBLENDEDsstDLDaily / 2026-04-09: 500 Server Error:  for url: https://coastwatch.noaa.gov/erddap/griddap/noaacwBLENDEDsstDLDaily.nc?analysed_sst%5B(2026-04-09T12:00:00Z)%5D%5B(33.5):1:(36.5)%5D%5B(-77.5):1:(-74.0)%5D
  Trying noaacrwsstDaily @ coastwatch.noaa.gov (2026-04-08) ...
  ✗ noaacrwsstDaily / 2026-04-08: 500 Server Error:  for url: https://coastwatch.noaa.gov/erddap/griddap/noaacrwsstDaily.nc?analysed_sst%5B(2026-04-08T12:00:00Z)%5D%5B(33.5):1:(36.5)%5D%5B(-77.5):1:(-74.0)%5D
  Trying noaacwBLENDEDsstDLDaily @ coastwatch.noaa.gov (2026-04-08) ...
  ✗ noaacwBLENDEDsstDLDaily / 2026-04-08: 500 Server Error:  for url: https://coastwatch.noaa.gov/erddap/griddap/noaacwBLENDEDsstDLDaily.nc?analysed_sst%5B(2026-04-08T12:00:00Z)%5D%5B(33.5):1:(36.5)%5D%5B(-77.5):1:(-74.0)%5D
  ✗ All VIIRS sources failed

[2b] NOAA Geo-polar Blended SST  (2026-04-11)  ~5 km, gap-filled
  ✗ noaacrwsstDaily / 2026-04-11: 404 Client Error:  for url: https://coastwatch.noaa.gov/erddap/griddap/noaacrwsstDaily.nc?analysed_sst%5B(2026-04-11T12:00:00Z)%5D%5B(33.5):1:(36.5)%5D%5B(-77.5):1:(-74.0)%5D
  ✗ noaacwBLENDEDsstDLDaily / 2026-04-11: 404 Client Error:  for url: https://coastwatch.noaa.gov/erddap/griddap/noaacwBLENDEDsstDLDaily.nc?analysed_sst%5B(2026-04-11T12:00:00Z)%5D%5B(33.5):1:(36.5)%5D%5B(-77.5):1:(-74.0)%5D
  ✗ noaacrwsstDaily / 2026-04-10: 500 Server Error:  for url: https://coastwatch.noaa.gov/erddap/griddap/noaacrwsstDaily.nc?analysed_sst%5B(2026-04-10T12:00:00Z)%5D%5B(33.5):1:(36.5)%5D%5B(-77.5):1:(-74.0)%5D
  ✗ noaacwBLENDEDsstDLDaily / 2026-04-10: 404 Client Error:  for url: https://coastwatch.noaa.gov/erddap/griddap/noaacwBLENDEDsstDLDaily.nc?analysed_sst%5B(2026-04-10T12:00:00Z)%5D%5B(33.5):1:(36.5)%5D%5B(-77.5):1:(-74.0)%5D
  ✗ noaacrwsstDaily / 2026-04-09: 500 Server Error:  for url: https://coastwatch.noaa.gov/erddap/griddap/noaacrwsstDaily.nc?analysed_sst%5B(2026-04-09T12:00:00Z)%5D%5B(33.5):1:(36.5)%5D%5B(-77.5):1:(-74.0)%5D
  ✗ noaacwBLENDEDsstDLDaily / 2026-04-09: 500 Server Error:  for url: https://coastwatch.noaa.gov/erddap/griddap/noaacwBLENDEDsstDLDaily.nc?analysed_sst%5B(2026-04-09T12:00:00Z)%5D%5B(33.5):1:(36.5)%5D%5B(-77.5):1:(-74.0)%5D
  ✗ noaacrwsstDaily / 2026-04-08: 500 Server Error:  for url: https://coastwatch.noaa.gov/erddap/griddap/noaacrwsstDaily.nc?analysed_sst%5B(2026-04-08T12:00:00Z)%5D%5B(33.5):1:(36.5)%5D%5B(-77.5):1:(-74.0)%5D
  ✗ noaacwBLENDEDsstDLDaily / 2026-04-08: 500 Server Error:  for url: https://coastwatch.noaa.gov/erddap/griddap/noaacwBLENDEDsstDLDaily.nc?analysed_sst%5B(2026-04-08T12:00:00Z)%5D%5B(33.5):1:(36.5)%5D%5B(-77.5):1:(-74.0)%5D
  ✗ No blended endpoint responded for any tried date

[3/3] Copernicus CMEMS L4 SST  (2026-04-11)  ~5 km, fully gap-filled
  Downloading via copernicusmarine client ...
INFO - 2026-04-13T11:22:14Z - Selected dataset version: "default"
INFO - 2026-04-13T11:22:14Z - Selected dataset part: "default"
  ✓ 3,364 points  |  9.28–24.74 °C
  Exporting cmems (3,364 points) ...
    GeoJSON  → DailySST/v2/cmems_20260411.geojson  (3,364 pts, 519 KB)
    CSV      → DailySST/v2/cmems_20260411.csv  (3,364 rows, 144 KB)
    Parquet  → DailySST/v2/cmems_20260411.parquet  (3,364 rows, 23 KB)
    Grid JSON → DailySST/v2/cmems_20260411_grid.json  (60×70 grid, 25 KB)

[Blending sources into composite ...]
  Exporting blended (1,538 points) ...
    GeoJSON  → DailySST/v2/blended_20260411.geojson  (1,538 pts, 237 KB)
    CSV      → DailySST/v2/blended_20260411.csv  (1,538 rows, 66 KB)
    Parquet  → DailySST/v2/blended_20260411.parquet  (1,538 rows, 20 KB)
    Grid JSON → DailySST/v2/blended_20260411_grid.json  (33×57 grid, 13 KB)

============================================================
  Source         Points    Min °C    Max °C
  ----------  ---------  -------  -------
  MUR            81,825     10.55     25.36
  VIIRS(ACSPO)          —
  BLENDED             —
  CMEMS           3,364      9.28     24.74
============================================================

  Files written to: /home/runner/work/SSTv2/SSTv2/DailySST/v2

  Data schema (all formats):
    lat     — decimal degrees (WGS84)
    lon     — decimal degrees (WGS84)
    sst_c   — sea surface temperature, Celsius
    sst_f   — sea surface temperature, Fahrenheit
    source  — MUR | VIIRS | CMEMS | blended
    date    — ISO date string

  Recommended app rendering stack:
    • deck.gl HeatmapLayer or GridLayer  (WebGL, handles 500k+ pts)
    • Mapbox GL raster-array source      (feed the grid JSON)
    • Leaflet canvas renderer            (for the GeoJSON)
    • PostGIS + ST_PixelAsPoints         (for server-side tile generation)

