=========================================================
SST PIPELINE
  UTC  : 2026-04-28 11:46:45
  Bbox : 33.7–39.0°N  -78.89–-72.21°E
=========================================================

── MUR daily composite (last 5 days) ──
  ✓ MUR 20260427 (cached)
  ✓ MUR 20260426 (cached)
  ✓ MUR 20260425 (cached)
  ✓ MUR 20260424 (cached)
  ✓ MUR 20260423 (cached)

── GOES-19 geo-polar blended daily composite ──
  GOES 20260428 … ✗ RuntimeError: HTTP 502: <!DOCTYPE HTML PUBLIC "-//IETF//DTD HTML 2.0//EN">
<html><head>
<title
  GOES 20260427 … ✗ RuntimeError: HTTP 502: <!DOCTYPE HTML PUBLIC "-//IETF//DTD HTML 2.0//EN">
<html><head>
<title
  GOES 20260426 … ✗ RuntimeError: HTTP 502: <!DOCTYPE HTML PUBLIC "-//IETF//DTD HTML 2.0//EN">
<html><head>
<title
  GOES 20260425 … ✗ RuntimeError: HTTP 502: <!DOCTYPE HTML PUBLIC "-//IETF//DTD HTML 2.0//EN">
<html><head>
<title
  ✗ GOES: no recent data available.

── VIIRS multi-pass (last 26h — NPP/N20/N21) ──
  Pass centers: 06:10 UTC, 18:33 UTC  ±20 min
  ✓ VIIRS NRT base: https://www.star.nesdis.noaa.gov/pub/socd2/coastwatch/sst/nrt/viirs
  Target windows this run: 2
    2026-04-27 18:13 – 18:53 UTC  (1833UTC)
    2026-04-28 05:50 – 06:30 UTC  (0610UTC)
  npp 20260427_1820 … ✗ swath overlaps bbox but all pixels cloud/land masked
  npp 20260427_1830 … ✗ swath overlaps bbox but all pixels cloud/land masked
  npp 20260427_1840 … ✗ swath overlaps bbox but all pixels cloud/land masked
  npp 20260427_1850 … ✗ swath overlaps bbox but all pixels cloud/land masked
  n20 20260427_1820 … ✗ swath overlaps bbox but all pixels cloud/land masked
  n20 20260427_1830 … ✗ swath overlaps bbox but all pixels cloud/land masked
  n20 20260427_1840 … ✗ swath overlaps bbox but all pixels cloud/land masked
  n20 20260427_1850 … ✗ swath overlaps bbox but all pixels cloud/land masked
  n20 20260428_0550 … ✗ swath overlaps bbox but all pixels cloud/land masked
  n20 20260428_0600 … ✗ swath overlaps bbox but all pixels cloud/land masked
  n20 20260428_0610 … ✗ swath overlaps bbox but all pixels cloud/land masked
  n20 20260428_0620 ✓ (cached)
  n20 20260428_0630 … ✗ swath overlaps bbox but all pixels cloud/land masked
  n21 20260427_1820 … ✗ swath overlaps bbox but all pixels cloud/land masked
  n21 20260427_1830 … ✗ swath overlaps bbox but all pixels cloud/land masked
  n21 20260427_1840 … ✗ swath overlaps bbox but all pixels cloud/land masked
  n21 20260427_1850 ✓ (cached)
  n21 20260428_0550 … ✗ swath overlaps bbox but all pixels cloud/land masked
  n21 20260428_0600 … ✗ swath overlaps bbox but all pixels cloud/land masked
  n21 20260428_0610 … ✗ swath overlaps bbox but all pixels cloud/land masked
  n21 20260428_0620 … ✗ swath overlaps bbox but all pixels cloud/land masked
  n21 20260428_0630 … ✗ swath overlaps bbox but all pixels cloud/land masked

  VIIRS summary: 0 written, 2 cached, 20 miss/cloud, 543 outside windows.

=========================================================
✓ Pipeline complete
=========================================================
