=========================================================
SST PIPELINE
  UTC  : 2026-04-27 11:30:22
  Bbox : 33.7–39.0°N  -78.89–-72.21°E
=========================================================

── MUR daily composite (last 5 days) ──
  MUR 20260426 (coastwatch.noaa.gov) … ✗ RuntimeError
  MUR 20260426 (coastwatch.pfeg.noaa.gov) …   (land filter: loaded 24 coastline polygons)
  (land filter: dropped 94 inland, kept 8892 ocean)
  ✓ MUR 20260426
  → DailySSTData/MUR/mur_20260426.csv  (8892 pts, 107 lats × 133 lons)
  MUR 20260425 (coastwatch.noaa.gov) … ✗ RuntimeError
  MUR 20260425 (coastwatch.pfeg.noaa.gov) …   (land filter: dropped 94 inland, kept 8892 ocean)
  ✓ MUR 20260425
  → DailySSTData/MUR/mur_20260425.csv  (8892 pts, 107 lats × 133 lons)
  MUR 20260424 (coastwatch.noaa.gov) … ✗ RuntimeError
  MUR 20260424 (coastwatch.pfeg.noaa.gov) …   (land filter: dropped 94 inland, kept 8892 ocean)
  ✓ MUR 20260424
  → DailySSTData/MUR/mur_20260424.csv  (8892 pts, 107 lats × 133 lons)
  ✓ MUR 20260423 (cached)
  ✓ MUR 20260422 (cached)

── GOES-19 geo-polar blended daily composite ──
  GOES 20260427 … ✗ RuntimeError: 404 — no data for this date
  GOES 20260426 … ✗ RuntimeError: 404 — no data for this date
  GOES 20260425 … ✗ RuntimeError: 404 — no data for this date
  ✓ GOES composite 20260424 (cached)

── VIIRS multi-pass (last 26h — NPP/N20/N21) ──
  Pass centers: 06:10 UTC, 18:33 UTC  ±20 min
  ✓ VIIRS NRT base: https://www.star.nesdis.noaa.gov/pub/socd2/coastwatch/sst/nrt/viirs
  Target windows this run: 2
    2026-04-26 18:13 – 18:53 UTC  (1833UTC)
    2026-04-27 05:50 – 06:30 UTC  (0610UTC)
  npp 20260426_1820 … ✗ swath overlaps bbox but all pixels cloud/land masked
  npp 20260426_1830 … ✗ swath overlaps bbox but all pixels cloud/land masked
  npp 20260426_1840 … ✗ swath overlaps bbox but all pixels cloud/land masked
  npp 20260426_1850 … ✗ swath overlaps bbox but all pixels cloud/land masked
  npp 20260427_0550 … ✗ swath overlaps bbox but all pixels cloud/land masked
  npp 20260427_0600 … ✗ swath overlaps bbox but all pixels cloud/land masked
  npp 20260427_0610 … ✗ swath overlaps bbox but all pixels cloud/land masked
  npp 20260427_0620 …   → DailySSTData/VIIRS/Passes/viirs_npp_20260427_0620.csv  (8218 pts, 143 lats × 256 lons)
  npp 20260427_0630 … ✗ swath overlaps bbox but all pixels cloud/land masked
  n20 20260426_1820 …   ⚠ VIIRS n20 20260426_1820: only 65 pts — skipping write.
✗ ok
  n20 20260426_1830 … ✗ swath overlaps bbox but all pixels cloud/land masked
  n20 20260426_1840 … ✗ swath overlaps bbox but all pixels cloud/land masked
  n20 20260426_1850 … ✗ swath overlaps bbox but all pixels cloud/land masked
  n20 20260427_0550 … ✗ swath overlaps bbox but all pixels cloud/land masked
  n20 20260427_0600 … ✗ swath overlaps bbox but all pixels cloud/land masked
  n20 20260427_0610 … ✗ swath overlaps bbox but all pixels cloud/land masked
  n20 20260427_0620 … ✗ swath overlaps bbox but all pixels cloud/land masked
  n20 20260427_0630 … ✗ swath overlaps bbox but all pixels cloud/land masked
  n21 20260426_1820 … ✗ swath overlaps bbox but all pixels cloud/land masked
  n21 20260426_1830 … ✗ swath overlaps bbox but all pixels cloud/land masked
  n21 20260426_1840 … ✗ swath overlaps bbox but all pixels cloud/land masked
  n21 20260426_1850 … ✗ swath overlaps bbox but all pixels cloud/land masked
  n21 20260427_0550 …   → DailySSTData/VIIRS/Passes/viirs_n21_20260427_0550.csv  (5250 pts, 116 lats × 201 lons)
  n21 20260427_0600 … ✗ swath overlaps bbox but all pixels cloud/land masked
  n21 20260427_0610 … ✗ swath overlaps bbox but all pixels cloud/land masked
  n21 20260427_0620 … ✗ swath overlaps bbox but all pixels cloud/land masked
  n21 20260427_0630 … ✗ swath overlaps bbox but all pixels cloud/land masked

  VIIRS summary: 2 written, 0 cached, 25 miss/cloud, 586 outside windows.

=========================================================
✓ Pipeline complete
=========================================================
