Starting SST pipeline...

GOES (last 24 hours)
✓ GOES 20260420_21 (1500 pts)
→ Writing to DailySSTData/GOES/Hourly/goes_20260420_21
✓ GOES 20260420_20 (1500 pts)
→ Writing to DailySSTData/GOES/Hourly/goes_20260420_20
✓ GOES 20260420_19 (1500 pts)
→ Writing to DailySSTData/GOES/Hourly/goes_20260420_19
✓ GOES 20260420_18 (1500 pts)
→ Writing to DailySSTData/GOES/Hourly/goes_20260420_18
✓ GOES 20260420_17 (1500 pts)
→ Writing to DailySSTData/GOES/Hourly/goes_20260420_17
✓ GOES 20260420_16 (1500 pts)
→ Writing to DailySSTData/GOES/Hourly/goes_20260420_16
✓ GOES 20260420_15 (1500 pts)
→ Writing to DailySSTData/GOES/Hourly/goes_20260420_15
✓ GOES 20260420_14 (1500 pts)
→ Writing to DailySSTData/GOES/Hourly/goes_20260420_14
✓ GOES 20260420_13 (1500 pts)
→ Writing to DailySSTData/GOES/Hourly/goes_20260420_13
✓ GOES 20260420_12 (1500 pts)
→ Writing to DailySSTData/GOES/Hourly/goes_20260420_12
✓ GOES 20260420_11 (1500 pts)
→ Writing to DailySSTData/GOES/Hourly/goes_20260420_11
✓ GOES 20260420_10 (1500 pts)
→ Writing to DailySSTData/GOES/Hourly/goes_20260420_10
✓ GOES 20260420_09 (1500 pts)
→ Writing to DailySSTData/GOES/Hourly/goes_20260420_09
✓ GOES 20260420_08 (1500 pts)
→ Writing to DailySSTData/GOES/Hourly/goes_20260420_08
✓ GOES 20260420_07 (1500 pts)
→ Writing to DailySSTData/GOES/Hourly/goes_20260420_07
✓ GOES 20260420_06 (1500 pts)
→ Writing to DailySSTData/GOES/Hourly/goes_20260420_06
✓ GOES 20260420_05 (1500 pts)
→ Writing to DailySSTData/GOES/Hourly/goes_20260420_05
✓ GOES 20260420_04 (1500 pts)
→ Writing to DailySSTData/GOES/Hourly/goes_20260420_04
✓ GOES 20260420_03 (1500 pts)
→ Writing to DailySSTData/GOES/Hourly/goes_20260420_03
✓ GOES 20260420_02 (1500 pts)
→ Writing to DailySSTData/GOES/Hourly/goes_20260420_02
✓ GOES 20260420_01 (1500 pts)
→ Writing to DailySSTData/GOES/Hourly/goes_20260420_01
✓ GOES 20260420_00 (1500 pts)
→ Writing to DailySSTData/GOES/Hourly/goes_20260420_00
✓ GOES 20260419_23 (1500 pts)
→ Writing to DailySSTData/GOES/Hourly/goes_20260419_23
✓ GOES 20260419_22 (1500 pts)
→ Writing to DailySSTData/GOES/Hourly/goes_20260419_22

GOES composite (latest hour only)
→ Writing to DailySSTData/GOES/Composite/goes_composite_20260420

VIIRS (today)
✓ VIIRS 20260420 (2000 pts)
→ Writing to DailySSTData/VIIRS/viirs_20260420

MUR (last 5 days)
✓ MUR 20260419 (3000 pts)
→ Writing to DailySSTData/MUR/mur_20260419
✓ MUR 20260418 (3000 pts)
→ Writing to DailySSTData/MUR/mur_20260418
✓ MUR 20260417 (3000 pts)
→ Writing to DailySSTData/MUR/mur_20260417
✓ MUR 20260416 (3000 pts)
→ Writing to DailySSTData/MUR/mur_20260416
✓ MUR 20260415 (3000 pts)
→ Writing to DailySSTData/MUR/mur_20260415

✓ Pipeline complete
