=========================================================
SST PIPELINE
  UTC  : 2026-04-24 10:58:28
  Bbox : 33.7–39.0°N  -78.89–-72.21°E
=========================================================

── MUR daily composite (last 5 days) ──
  MUR 20260423 (coastwatch.noaa.gov) … ✗ RuntimeError
  MUR 20260423 (coastwatch.pfeg.noaa.gov) … ✗ RuntimeError
  MUR 20260423 (upwell.pfeg.noaa.gov) … ✗ RuntimeError
  ✗ MUR 20260423 — all mirrors failed. Last: upwell.pfeg.noaa.gov: RuntimeError: 404 — no data for this date
  MUR 20260422 (coastwatch.noaa.gov) … ✗ RuntimeError
  MUR 20260422 (coastwatch.pfeg.noaa.gov) …   (land filter: loaded 24 coastline polygons)
  (land filter: dropped 94 inland, kept 8892 ocean)
  ✓ MUR 20260422
  → DailySSTData/MUR/mur_20260422.csv  (8892 pts, 107 lats × 133 lons)
  ✓ MUR 20260421 (cached)
  ✓ MUR 20260420 (cached)
  ✓ MUR 20260419 (cached)

── GOES-19 geo-polar blended daily composite ──
  GOES 20260424 … ✗ RuntimeError: 404 — no data for this date
  GOES 20260423 … ✗ RuntimeError: 404 — no data for this date
  ✓ GOES composite 20260422 (cached)

── VIIRS multi-pass (last 26h — NPP/N20/N21) ──
  Pass centers: 06:10 UTC, 18:33 UTC  ±20 min
  ✓ VIIRS NRT base: https://www.star.nesdis.noaa.gov/pub/socd2/coastwatch/sst/nrt/viirs
  Target windows this run: 2
    2026-04-23 18:13 – 18:53 UTC  (1833UTC)
    2026-04-24 05:50 – 06:30 UTC  (0610UTC)
  npp 20260423_1820 … ✗ swath overlaps bbox but all pixels cloud/land masked
  npp 20260423_1830 … ✗ swath overlaps bbox but all pixels cloud/land masked
  npp 20260423_1840 … ✗ swath overlaps bbox but all pixels cloud/land masked
  npp 20260423_1850 …   → DailySSTData/VIIRS/Passes/viirs_npp_20260423_1850.csv  (36636 pts, 265 lats × 333 lons)
  npp 20260424_0550 … ✗ swath overlaps bbox but all pixels cloud/land masked
  npp 20260424_0600 … ✗ swath overlaps bbox but all pixels cloud/land masked
  npp 20260424_0610 … ✗ swath overlaps bbox but all pixels cloud/land masked
  npp 20260424_0620 … ✗ swath overlaps bbox but all pixels cloud/land masked
  npp 20260424_0630 … ✗ swath overlaps bbox but all pixels cloud/land masked
  n20 20260423_1820 … ✗ swath overlaps bbox but all pixels cloud/land masked
  n20 20260423_1830 … ✗ swath overlaps bbox but all pixels cloud/land masked
  n20 20260423_1840 … ✗ swath overlaps bbox but all pixels cloud/land masked
  n20 20260423_1850 … ✗ swath overlaps bbox but all pixels cloud/land masked
  n20 20260424_0550 …   → DailySSTData/VIIRS/Passes/viirs_n20_20260424_0550.csv  (41426 pts, 265 lats × 319 lons)
  n20 20260424_0600 … ✗ swath overlaps bbox but all pixels cloud/land masked
  n20 20260424_0610 … ✗ swath overlaps bbox but all pixels cloud/land masked
  n20 20260424_0620 … ✗ swath overlaps bbox but all pixels cloud/land masked
  n20 20260424_0630 … ✗ swath overlaps bbox but all pixels cloud/land masked
  n21 20260423_1820 …   → DailySSTData/VIIRS/Passes/viirs_n21_20260423_1820.csv  (40824 pts, 265 lats × 333 lons)
  n21 20260423_1830 … ✗ swath overlaps bbox but all pixels cloud/land masked
  n21 20260423_1840 … ✗ swath overlaps bbox but all pixels cloud/land masked
  n21 20260423_1850 … ✗ swath overlaps bbox but all pixels cloud/land masked
  n21 20260424_0550 … ✗ swath overlaps bbox but all pixels cloud/land masked
  n21 20260424_0600 … ✗ swath overlaps bbox but all pixels cloud/land masked
  n21 20260424_0610 … ✗ swath overlaps bbox but all pixels cloud/land masked
  n21 20260424_0620 … ✗ swath overlaps bbox but all pixels cloud/land masked
  n21 20260424_0630 … ✗ swath overlaps bbox but all pixels cloud/land masked

  VIIRS summary: 3 written, 0 cached, 24 miss/cloud, 575 outside windows.

=========================================================
✓ Pipeline complete
=========================================================
