=========================================================
SST PIPELINE
  UTC  : 2026-04-26 10:35:48
  Bbox : 33.7–39.0°N  -78.89–-72.21°E
=========================================================

── MUR daily composite (last 5 days) ──
  MUR 20260425 (coastwatch.noaa.gov) … ✗ RuntimeError
  MUR 20260425 (coastwatch.pfeg.noaa.gov) … ✗ RuntimeError
  MUR 20260425 (upwell.pfeg.noaa.gov) … ✗ RuntimeError
  ✗ MUR 20260425 — all mirrors failed. Last: upwell.pfeg.noaa.gov: RuntimeError: 403 Forbidden — blacklisted: Error {
    code=403;
    message="Forbidden: Access Forbidden -- Your IP address is on thi
  MUR 20260424 (coastwatch.noaa.gov) … ✗ RuntimeError
  ✗ MUR 20260424 — all mirrors failed. Last: coastwatch.noaa.gov: RuntimeError: 404 — no data for this date
  ✓ MUR 20260423 (cached)
  ✓ MUR 20260422 (cached)
  ✓ MUR 20260421 (cached)

── GOES-19 geo-polar blended daily composite ──
  GOES 20260426 … ✗ RuntimeError: 404 — no data for this date
  GOES 20260425 … ✗ RuntimeError: 404 — no data for this date
  GOES 20260424 …   (land filter: loaded 24 coastline polygons)
  (land filter: dropped 70 inland, kept 2237 ocean)
  ✓ Geo-polar Blended 2026-04-24
  → DailySSTData/GOES/Composite/goes_composite_20260424.csv  (2237 pts, 54 lats × 66 lons)

── VIIRS multi-pass (last 26h — NPP/N20/N21) ──
  Pass centers: 06:10 UTC, 18:33 UTC  ±20 min
  ✓ VIIRS NRT base: https://www.star.nesdis.noaa.gov/pub/socd2/coastwatch/sst/nrt/viirs
  Target windows this run: 2
    2026-04-25 18:13 – 18:53 UTC  (1833UTC)
    2026-04-26 05:50 – 06:30 UTC  (0610UTC)
  npp 20260425_1820 …   → DailySSTData/VIIRS/Passes/viirs_npp_20260425_1820.csv  (6918 pts, 151 lats × 330 lons)
  npp 20260425_1830 … ✗ swath overlaps bbox but all pixels cloud/land masked
  npp 20260425_1840 … ✗ swath overlaps bbox but all pixels cloud/land masked
  npp 20260425_1850 … ✗ swath overlaps bbox but all pixels cloud/land masked
  npp 20260426_0550 … ✗ swath overlaps bbox but all pixels cloud/land masked
  npp 20260426_0600 … ✗ swath overlaps bbox but all pixels cloud/land masked
  npp 20260426_0610 … ✗ swath overlaps bbox but all pixels cloud/land masked
  npp 20260426_0620 … ✗ swath overlaps bbox but all pixels cloud/land masked
  npp 20260426_0630 … ✗ swath overlaps bbox but all pixels cloud/land masked
  n20 20260425_1820 … ✗ swath overlaps bbox but all pixels cloud/land masked
  n20 20260425_1830 …   → DailySSTData/VIIRS/Passes/viirs_n20_20260425_1830.csv  (553 pts, 14 lats × 107 lons)
  n20 20260425_1840 …   → DailySSTData/VIIRS/Passes/viirs_n20_20260425_1840.csv  (3118 pts, 68 lats × 286 lons)
  n20 20260425_1850 … ✗ swath overlaps bbox but all pixels cloud/land masked
  n20 20260426_0550 … ✗ swath overlaps bbox but all pixels cloud/land masked
  n20 20260426_0600 … ✗ swath overlaps bbox but all pixels cloud/land masked
  n20 20260426_0610 … ✗ swath overlaps bbox but all pixels cloud/land masked
  n20 20260426_0620 … ✗ swath overlaps bbox but all pixels cloud/land masked
  n20 20260426_0630 … ✗ swath overlaps bbox but all pixels cloud/land masked
  n21 20260425_1820 … ✗ swath overlaps bbox but all pixels cloud/land masked
  n21 20260425_1830 … ✗ swath overlaps bbox but all pixels cloud/land masked
  n21 20260425_1840 … ✗ swath overlaps bbox but all pixels cloud/land masked
  n21 20260425_1850 … ✗ swath overlaps bbox but all pixels cloud/land masked
  n21 20260426_0550 … ✗ swath overlaps bbox but all pixels cloud/land masked
  n21 20260426_0600 …   → DailySSTData/VIIRS/Passes/viirs_n21_20260426_0600.csv  (2776 pts, 109 lats × 90 lons)
  n21 20260426_0610 …   → DailySSTData/VIIRS/Passes/viirs_n21_20260426_0610.csv  (6518 pts, 71 lats × 207 lons)
  n21 20260426_0620 … ✗ swath overlaps bbox but all pixels cloud/land masked
  n21 20260426_0630 … ✗ swath overlaps bbox but all pixels cloud/land masked

  VIIRS summary: 5 written, 0 cached, 22 miss/cloud, 580 outside windows.

=========================================================
✓ Pipeline complete
=========================================================
