Starting SST pipeline...

GOES/Blended (noaacwBLENDEDsstDLDaily, last 5 days)
✗ BLENDED 20260420 HTTP 502: <!DOCTYPE HTML PUBLIC "-//IETF//DTD HTML 2.0//EN"> <html><head> <title>502 Proxy Error</title> </head><body> <h1>Proxy Error</h1> <p>The proxy server received an invalid response from an upstream server.<br /> The proxy server could not handle the request <em><a href="/erddap/griddap/noaacwBLENDED
✗ BLENDED 20260419 HTTP 502: <!DOCTYPE HTML PUBLIC "-//IETF//DTD HTML 2.0//EN"> <html><head> <title>502 Proxy Error</title> </head><body> <h1>Proxy Error</h1> <p>The proxy server received an invalid response from an upstream server.<br /> The proxy server could not handle the request <em><a href="/erddap/griddap/noaacwBLENDED
✗ BLENDED 20260418 HTTP 502: <!DOCTYPE HTML PUBLIC "-//IETF//DTD HTML 2.0//EN"> <html><head> <title>502 Proxy Error</title> </head><body> <h1>Proxy Error</h1> <p>The proxy server received an invalid response from an upstream server.<br /> The proxy server could not handle the request <em><a href="/erddap/griddap/noaacwBLENDED
✗ BLENDED 20260417 HTTP 502: <!DOCTYPE HTML PUBLIC "-//IETF//DTD HTML 2.0//EN"> <html><head> <title>502 Proxy Error</title> </head><body> <h1>Proxy Error</h1> <p>The proxy server received an invalid response from an upstream server.<br /> The proxy server could not handle the request <em><a href="/erddap/griddap/noaacwBLENDED
✗ BLENDED 20260416 HTTP 503: <!DOCTYPE HTML PUBLIC "-//IETF//DTD HTML 2.0//EN"> <html><head> <title>503 Service Unavailable</title> </head><body> <h1>Service Unavailable</h1> <p>The server is temporarily unable to service your request due to maintenance downtime or capacity problems. Please try again later.</p> </body></html> 
✗ No Blended data available for composite.
⚠ Blended/GOES: zero successful days.

VIIRS-ACSPO (noaacwLEOACSPOSSTL3SnrtCDaily, last 5 days)
✗ VIIRS 20260420 HTTP 502: <!DOCTYPE HTML PUBLIC "-//IETF//DTD HTML 2.0//EN"> <html><head> <title>502 Proxy Error</title> </head><body> <h1>Proxy Error</h1> <p>The proxy server received an invalid response from an upstream server.<br /> The proxy server could not handle the request <em><a href="/erddap/griddap/noaacwLEOACSP
✗ VIIRS 20260419 HTTP 502: <!DOCTYPE HTML PUBLIC "-//IETF//DTD HTML 2.0//EN"> <html><head> <title>502 Proxy Error</title> </head><body> <h1>Proxy Error</h1> <p>The proxy server received an invalid response from an upstream server.<br /> The proxy server could not handle the request <em><a href="/erddap/griddap/noaacwLEOACSP
✗ VIIRS 20260418 HTTP 503: <!DOCTYPE HTML PUBLIC "-//IETF//DTD HTML 2.0//EN"> <html><head> <title>503 Service Unavailable</title> </head><body> <h1>Service Unavailable</h1> <p>The server is temporarily unable to service your request due to maintenance downtime or capacity problems. Please try again later.</p> </body></html> 
✗ VIIRS 20260417 HTTP 502: <!DOCTYPE HTML PUBLIC "-//IETF//DTD HTML 2.0//EN"> <html><head> <title>502 Proxy Error</title> </head><body> <h1>Proxy Error</h1> <p>The proxy server received an invalid response from an upstream server.<br /> The proxy server could not handle the request <em><a href="/erddap/griddap/noaacwLEOACSP
✗ VIIRS 20260416 HTTP 502: <!DOCTYPE HTML PUBLIC "-//IETF//DTD HTML 2.0//EN"> <html><head> <title>502 Proxy Error</title> </head><body> <h1>Proxy Error</h1> <p>The proxy server received an invalid response from an upstream server.<br /> The proxy server could not handle the request <em><a href="/erddap/griddap/noaacwLEOACSP
⚠ VIIRS: zero successful days.

MUR (jplMURSST41, last 5 published days)
✓ MUR 20260420
  → DailySSTData/MUR/mur_20260420.csv  (8986 pts, 107 lats × 133 lons)
✓ MUR 20260419
  → DailySSTData/MUR/mur_20260419.csv  (8986 pts, 107 lats × 133 lons)
✓ MUR 20260418
  → DailySSTData/MUR/mur_20260418.csv  (8986 pts, 107 lats × 133 lons)
✓ MUR 20260417
  → DailySSTData/MUR/mur_20260417.csv  (8986 pts, 107 lats × 133 lons)
✓ MUR 20260416
  → DailySSTData/MUR/mur_20260416.csv  (8986 pts, 107 lats × 133 lons)

✓ Pipeline complete
