============================================================
  High-Fidelity SST Data Fetcher
  Date      : 2026-04-16
  BBOX      : {'lon_min': -78.89, 'lon_max': -72.21, 'lat_min': 33.7, 'lat_max': 39.0}
  Output    : /home/runner/work/SSTv2/SSTv2/SSTv2/DailySST
  Sources   : all
============================================================

[1/3] NASA MUR SST  (target: 2026-04-16)  ~1 km resolution
  Trying NASA OPeNDAP for 2026-04-16 ...
syntax error, unexpected WORD_WORD, expecting SCAN_ATTR or SCAN_DATASET or SCAN_ERROR
context: HTTP^ Basic: Access denied.
  ✗ NASA OPeNDAP 2026-04-16: [Errno -77] NetCDF: Access failure: 'https://opendap.earthdata.nasa.gov/providers/POCLOUD/collections/MUR-JPL-L4-GLOB-v4.1/granules/20260416090000-JPL-L4_GHRSST-SSTfnd-MUR-GLOB-v02.0-fv04.1.nc4?analysed_sst[0:1:0][12369:12899][10110:10778]'
  Trying polarwatch.noaa.gov .nc for 2026-04-16 ...
  ✓ 223,103 pts  9.27–25.73 °C  (polarwatch.noaa.gov, 2026-04-16)
  Exporting mur (223,103 points) ...
    GeoJSON  → SSTv2/DailySST/mur_20260416.geojson  (223,103 pts, 33677 KB)
    CSV      → SSTv2/DailySST/mur_20260416.csv  (223,103 rows, 8838 KB)
    Parquet  → SSTv2/DailySST/mur_20260416.parquet  (223,103 rows, 830 KB)
    Grid JSON → SSTv2/DailySST/mur_20260416_grid.json  (531×666, 2143 KB)

[2/3] NOAA VIIRS SST  (target: 2026-04-16)  ~1–4 km resolution
  THREDDS catalog DOY 106 (2026-04-16) ...
  ✗ THREDDS 2026-04-16: 404 Client Error: Not Found for url: https://coastwatch.noaa.gov/thredds/catalog/gridN20VIIRSSCIENCEL3UWW00/2026/106/catalog.xml
  THREDDS catalog DOY 105 (2026-04-15) ...
  ✗ THREDDS 2026-04-15: 404 Client Error: Not Found for url: https://coastwatch.noaa.gov/thredds/catalog/gridN20VIIRSSCIENCEL3UWW00/2026/105/catalog.xml
  THREDDS catalog DOY 104 (2026-04-14) ...
  ✗ THREDDS 2026-04-14: 404 Client Error: Not Found for url: https://coastwatch.noaa.gov/thredds/catalog/gridN20VIIRSSCIENCEL3UWW00/2026/104/catalog.xml
  THREDDS catalog DOY 103 (2026-04-13) ...
  ✗ THREDDS 2026-04-13: 404 Client Error: Not Found for url: https://coastwatch.noaa.gov/thredds/catalog/gridN20VIIRSSCIENCEL3UWW00/2026/103/catalog.xml
  Trying noaacrwsstDaily (2026-04-16) ...
  ✓ 9,284 pts  9.43–25.12 °C  (noaacrwsstDaily, 2026-04-16)
  Exporting viirs (9,284 points) ...
    GeoJSON  → SSTv2/DailySST/viirs_20260416.geojson  (9,284 pts, 1431 KB)
    CSV      → SSTv2/DailySST/viirs_20260416.csv  (9,284 rows, 397 KB)
    Parquet  → SSTv2/DailySST/viirs_20260416.parquet  (9,284 rows, 43 KB)
    Grid JSON → SSTv2/DailySST/viirs_20260416_grid.json  (107×133, 80 KB)

[3/3] Copernicus CMEMS L4 SST  (2026-04-16)  ~5 km, fully gap-filled
  Downloading via copernicusmarine client ...
INFO - 2026-04-18T04:03:50Z - Selected dataset version: "default"
INFO - 2026-04-18T04:03:50Z - Selected dataset part: "default"
WARNING - 2026-04-18T04:03:50Z - Some of your subset selection [2026-04-16 00:00:00+00:00, 2026-04-16 23:59:59+00:00] for the time dimension exceed the dataset coordinates [2024-01-17 00:00:00+00:00, 2026-04-16 00:00:00+00:00]
  ✗ CMEMS fetch failed: No module named 'h5py', backend not available. Please install 'h5py' into your Python environment.

[Blending sources into composite ...]
  Exporting blended (5,628 points) ...
    GeoJSON  → SSTv2/DailySST/blended_20260416.geojson  (5,628 pts, 866 KB)
    CSV      → SSTv2/DailySST/blended_20260416.csv  (5,628 rows, 240 KB)
    Parquet  → SSTv2/DailySST/blended_20260416.parquet  (5,628 rows, 52 KB)
    Grid JSON → SSTv2/DailySST/blended_20260416_grid.json  (81×104, 52 KB)

============================================================
  Source       Points    Min °C    Max °C
  --------  ---------  -------  -------
  MUR         223,103      9.27     25.73
  VIIRS         9,284      9.43     25.12
  CMEMS             —
============================================================

  Files written to: /home/runner/work/SSTv2/SSTv2/SSTv2/DailySST
