
GOES (last 24 hours)
✓ GOES 20260420_18 (1514 pts)
→ Writing to SSTv2/DailySSTData/GOES/Hourly/goes_20260420_18
✓ GOES 20260420_17 (1573 pts)
→ Writing to SSTv2/DailySSTData/GOES/Hourly/goes_20260420_17
✓ GOES 20260420_16 (2253 pts)
→ Writing to SSTv2/DailySSTData/GOES/Hourly/goes_20260420_16
✓ GOES 20260420_15 (1775 pts)
→ Writing to SSTv2/DailySSTData/GOES/Hourly/goes_20260420_15
✓ GOES 20260420_14 (2235 pts)
→ Writing to SSTv2/DailySSTData/GOES/Hourly/goes_20260420_14
✓ GOES 20260420_13 (847 pts)
→ Writing to SSTv2/DailySSTData/GOES/Hourly/goes_20260420_13
✓ GOES 20260420_12 (1496 pts)
→ Writing to SSTv2/DailySSTData/GOES/Hourly/goes_20260420_12
✓ GOES 20260420_11 (901 pts)
→ Writing to SSTv2/DailySSTData/GOES/Hourly/goes_20260420_11
✓ GOES 20260420_10 (764 pts)
→ Writing to SSTv2/DailySSTData/GOES/Hourly/goes_20260420_10
✓ GOES 20260420_09 (2283 pts)
→ Writing to SSTv2/DailySSTData/GOES/Hourly/goes_20260420_09
✓ GOES 20260420_08 (1144 pts)
→ Writing to SSTv2/DailySSTData/GOES/Hourly/goes_20260420_08
✓ GOES 20260420_07 (1115 pts)
→ Writing to SSTv2/DailySSTData/GOES/Hourly/goes_20260420_07
✓ GOES 20260420_06 (1054 pts)
→ Writing to SSTv2/DailySSTData/GOES/Hourly/goes_20260420_06
✓ GOES 20260420_05 (707 pts)
→ Writing to SSTv2/DailySSTData/GOES/Hourly/goes_20260420_05
✓ GOES 20260420_04 (2424 pts)
→ Writing to SSTv2/DailySSTData/GOES/Hourly/goes_20260420_04
✓ GOES 20260420_03 (1711 pts)
→ Writing to SSTv2/DailySSTData/GOES/Hourly/goes_20260420_03
✓ GOES 20260420_02 (2371 pts)
→ Writing to SSTv2/DailySSTData/GOES/Hourly/goes_20260420_02
✓ GOES 20260420_01 (890 pts)
→ Writing to SSTv2/DailySSTData/GOES/Hourly/goes_20260420_01
✓ GOES 20260420_00 (2229 pts)
→ Writing to SSTv2/DailySSTData/GOES/Hourly/goes_20260420_00
✓ GOES 20260419_23 (1563 pts)
→ Writing to SSTv2/DailySSTData/GOES/Hourly/goes_20260419_23
✓ GOES 20260419_22 (2730 pts)
→ Writing to SSTv2/DailySSTData/GOES/Hourly/goes_20260419_22
✓ GOES 20260419_21 (1560 pts)
→ Writing to SSTv2/DailySSTData/GOES/Hourly/goes_20260419_21
✓ GOES 20260419_20 (1111 pts)
→ Writing to SSTv2/DailySSTData/GOES/Hourly/goes_20260419_20
✓ GOES 20260419_19 (864 pts)
→ Writing to SSTv2/DailySSTData/GOES/Hourly/goes_20260419_19
→ Writing to SSTv2/DailySSTData/GOESComposite/goes_composite_20260420

VIIRS (today)
✓ VIIRS 20260420 (2000 pts)
→ Writing to SSTv2/DailySSTData/VIIRS/viirs_20260420

MUR (last 5 days)
✓ MUR 20260419 (3000 pts)
→ Writing to SSTv2/DailySSTData/MUR/mur_20260419
✓ MUR 20260418 (3000 pts)
→ Writing to SSTv2/DailySSTData/MUR/mur_20260418
✓ MUR 20260417 (3000 pts)
→ Writing to SSTv2/DailySSTData/MUR/mur_20260417
✓ MUR 20260416 (3000 pts)
→ Writing to SSTv2/DailySSTData/MUR/mur_20260416
✓ MUR 20260415 (3000 pts)
→ Writing to SSTv2/DailySSTData/MUR/mur_20260415

✓ Pipeline complete
